#
# There is insufficient memory for the Java Runtime Environment to continue.
# Native memory allocation (mmap) failed to map 268435456 bytes for Failed to commit area from 0x0000000701c00000 to 0x0000000711c00000 of length 268435456.
# Possible reasons:
#   The system is out of physical RAM or swap space
#   The process is running with CompressedOops enabled, and the Java Heap may be blocking the growth of the native heap
# Possible solutions:
#   Reduce memory load on the system
#   Increase physical memory or swap space
#   Check if swap backing store is full
#   Decrease Java heap size (-Xmx/-Xms)
#   Decrease number of Java threads
#   Decrease Java thread stack sizes (-Xss)
#   Set larger code cache with -XX:ReservedCodeCacheSize=
#   JVM is running with Zero Based Compressed Oops mode in which the Java heap is
#     placed in the first 32GB address space. The Java Heap base address is the
#     maximum limit for the native heap growth. Please use -XX:HeapBaseMinAddress
#     to set the Java Heap base and to place the Java Heap above 32GB virtual address.
# This output file may be truncated or incomplete.
#
#  Out of Memory Error (./open/src/hotspot/os/windows/os_windows.cpp:3315), pid=2520, tid=13728
#
# JRE version:  (14.0.1+7) (build )
# Java VM: Java HotSpot(TM) 64-Bit Server VM (14.0.1+7, mixed mode, sharing, tiered, compressed oops, g1 gc, windows-amd64)
# No core dump will be written. Minidumps are not enabled by default on client versions of Windows
#

---------------  S U M M A R Y ------------

Command Line: --module-path=C:\Users\X M G\Documents\NetBeansProjects\LibEngine\target\classes;C:\Users\X M G\.m2\repository\com\jfoenix\jfoenix\9.0.10\jfoenix-9.0.10.jar;C:\Users\X M G\.m2\repository\org\openjfx\javafx-base\13\javafx-base-13-win.jar;C:\Users\X M G\.m2\repository\org\openjfx\javafx-controls\13\javafx-controls-13-win.jar;C:\Users\X M G\.m2\repository\org\openjfx\javafx-fxml\13\javafx-fxml-13-win.jar;C:\Users\X M G\.m2\repository\org\openjfx\javafx-graphics\13\javafx-graphics-13-win.jar --add-modules=com.mycompany.libengine -Djdk.module.main=com.mycompany.libengine com.mycompany.libengine/com.mycompany.libengine.App

Host: Intel(R) Core(TM) i5-7300HQ CPU @ 2.50GHz, 4 cores, 15G,  Windows 10 , 64 bit Build 19041 (10.0.19041.804)
Time: Sun Jun 20 23:10:56 2021 Centre de l’Europe elapsed time: 0 seconds (0d 0h 0m 0s)

---------------  T H R E A D  ---------------

Current thread (0x000001dd4553c800):  JavaThread "Unknown thread" [_thread_in_vm, id=13728, stack(0x0000005488a00000,0x0000005488b00000)]

Stack: [0x0000005488a00000,0x0000005488b00000]
Native frames: (J=compiled Java code, j=interpreted, Vv=VM code, C=native code)
V  [jvm.dll+0x5f840a]
V  [jvm.dll+0x741e4a]
V  [jvm.dll+0x7435ff]
V  [jvm.dll+0x743c43]
V  [jvm.dll+0x20d288]
V  [jvm.dll+0x5f57ba]
V  [jvm.dll+0x5ea615]
V  [jvm.dll+0x2c7e9c]
V  [jvm.dll+0x2c7cd2]
V  [jvm.dll+0x2cdbbc]
V  [jvm.dll+0x313ff8]
V  [jvm.dll+0x313720]
V  [jvm.dll+0x2a092a]
V  [jvm.dll+0x2a1a79]
V  [jvm.dll+0x71f718]
V  [jvm.dll+0x321c44]
V  [jvm.dll+0x700b0c]
V  [jvm.dll+0x392dff]
V  [jvm.dll+0x394e71]
C  [jli.dll+0x523b]
C  [ucrtbase.dll+0x21bb2]
C  [KERNEL32.DLL+0x17034]
C  [ntdll.dll+0x52651]


---------------  P R O C E S S  ---------------

Threads class SMR info:
_java_thread_list=0x00007ffd29203078, length=0, elements={
}

Java Threads: ( => current thread )

Other Threads:
  0x000001dd455a3800 GCTaskThread "GC Thread#0" [stack: 0x0000005488b00000,0x0000005488c00000] [id=2340]
  0x000001dd455c5000 ConcurrentGCThread "G1 Main Marker" [stack: 0x0000005488c00000,0x0000005488d00000] [id=15428]
  0x000001dd455c7800 ConcurrentGCThread "G1 Conc#0" [stack: 0x0000005488d00000,0x0000005488e00000] [id=1828]

[error occurred during error reporting (printing all threads), id 0xc0000005, EXCEPTION_ACCESS_VIOLATION (0xc0000005) at pc=0x00007ffd28a31257]

VM state:not at safepoint (not fully initialized)

VM Mutex/Monitor currently owned by a thread:  ([mutex/lock_event])
[0x000001dd45538d60] Heap_lock - owner thread: 0x000001dd4553c800

Heap address: 0x0000000701c00000, size: 4068 MB, Compressed Oops mode: Zero based, Oop shift amount: 3
Narrow klass base: 0x0000000000000000, Narrow klass shift: 0

GC Heap History (0 events):
No events

Deoptimization events (0 events):
No events

Classes unloaded (0 events):
No events

Classes redefined (0 events):
No events

Internal exceptions (0 events):
No events

Events (2 events):
Event: 0.006 Loaded shared library D:\Programs Files\java\jdk\bin\java.dll
Event: 0.006 Loaded shared library D:\Programs Files\java\jdk\bin\zip.dll


Dynamic libraries:
0x00007ff7dc4f0000 - 0x00007ff7dc4ff000 	D:\Programs Files\java\jdk\bin\java.exe
0x00007ffd91310000 - 0x00007ffd91505000 	C:\Windows\SYSTEM32\ntdll.dll
0x00007ffd8ff60000 - 0x00007ffd9001d000 	C:\Windows\System32\KERNEL32.DLL
0x00007ffd8ed60000 - 0x00007ffd8f028000 	C:\Windows\System32\KERNELBASE.dll
0x00007ffd8f220000 - 0x00007ffd8f320000 	C:\Windows\System32\ucrtbase.dll
0x00007ffd411f0000 - 0x00007ffd41205000 	D:\Programs Files\java\jdk\bin\VCRUNTIME140.dll
0x00007ffd47b20000 - 0x00007ffd47b38000 	D:\Programs Files\java\jdk\bin\jli.dll
0x00007ffd8f8e0000 - 0x00007ffd8f98c000 	C:\Windows\System32\ADVAPI32.dll
0x00007ffd90db0000 - 0x00007ffd90e4e000 	C:\Windows\System32\msvcrt.dll
0x00007ffd8f370000 - 0x00007ffd8f40b000 	C:\Windows\System32\sechost.dll
0x00007ffd90930000 - 0x00007ffd90a5b000 	C:\Windows\System32\RPCRT4.dll
0x00007ffd90bb0000 - 0x00007ffd90d50000 	C:\Windows\System32\USER32.dll
0x00007ffd8ec60000 - 0x00007ffd8ec82000 	C:\Windows\System32\win32u.dll
0x00007ffd78380000 - 0x00007ffd7861b000 	C:\Windows\WinSxS\amd64_microsoft.windows.common-controls_6595b64144ccf1df_6.0.19041.488_none_ca04af081b815d21\COMCTL32.dll
0x00007ffd91070000 - 0x00007ffd9109a000 	C:\Windows\System32\GDI32.dll
0x00007ffd8f030000 - 0x00007ffd8f13b000 	C:\Windows\System32\gdi32full.dll
0x00007ffd8ec90000 - 0x00007ffd8ed2d000 	C:\Windows\System32\msvcp_win.dll
0x00007ffd86870000 - 0x00007ffd8687a000 	C:\Windows\SYSTEM32\VERSION.dll
0x00007ffd8fe00000 - 0x00007ffd8fe30000 	C:\Windows\System32\IMM32.DLL
0x00007ffd47b40000 - 0x00007ffd47bdb000 	D:\Programs Files\java\jdk\bin\msvcp140.dll
0x00007ffd28780000 - 0x00007ffd2929e000 	D:\Programs Files\java\jdk\bin\server\jvm.dll
0x00007ffd911e0000 - 0x00007ffd911e8000 	C:\Windows\System32\PSAPI.DLL
0x00007ffd787e0000 - 0x00007ffd78807000 	C:\Windows\SYSTEM32\WINMM.dll
0x00007ffd7dd80000 - 0x00007ffd7dd89000 	C:\Windows\SYSTEM32\WSOCK32.dll
0x00007ffd90e50000 - 0x00007ffd90ebb000 	C:\Windows\System32\WS2_32.dll
0x00007ffd8d320000 - 0x00007ffd8d332000 	C:\Windows\SYSTEM32\kernel.appcore.dll
0x00007ffd7dbc0000 - 0x00007ffd7dbca000 	D:\Programs Files\java\jdk\bin\jimage.dll
0x00007ffd732d0000 - 0x00007ffd734b4000 	C:\Windows\SYSTEM32\DBGHELP.DLL
0x00007ffd73160000 - 0x00007ffd7318c000 	C:\Windows\SYSTEM32\dbgcore.DLL
0x00007ffd8f1a0000 - 0x00007ffd8f220000 	C:\Windows\System32\bcryptPrimitives.dll
0x00007ffd41180000 - 0x00007ffd411a5000 	D:\Programs Files\java\jdk\bin\java.dll
0x00007ffd40b00000 - 0x00007ffd40b16000 	D:\Programs Files\java\jdk\bin\zip.dll

dbghelp: loaded successfully - version: 4.0.5 - missing functions: none
symbol engine: initialized successfully - sym options: 0x614 - pdb path: .;D:\Programs Files\java\jdk\bin;C:\Windows\SYSTEM32;C:\Windows\WinSxS\amd64_microsoft.windows.common-controls_6595b64144ccf1df_6.0.19041.488_none_ca04af081b815d21;D:\Programs Files\java\jdk\bin\server

VM Arguments:
jvm_args: --module-path=C:\Users\X M G\Documents\NetBeansProjects\LibEngine\target\classes;C:\Users\X M G\.m2\repository\com\jfoenix\jfoenix\9.0.10\jfoenix-9.0.10.jar;C:\Users\X M G\.m2\repository\org\openjfx\javafx-base\13\javafx-base-13-win.jar;C:\Users\X M G\.m2\repository\org\openjfx\javafx-controls\13\javafx-controls-13-win.jar;C:\Users\X M G\.m2\repository\org\openjfx\javafx-fxml\13\javafx-fxml-13-win.jar;C:\Users\X M G\.m2\repository\org\openjfx\javafx-graphics\13\javafx-graphics-13-win.jar --add-modules=com.mycompany.libengine -Djdk.module.main=com.mycompany.libengine 
java_command: com.mycompany.libengine/com.mycompany.libengine.App
java_class_path (initial): C:\Users\X M G\Documents\NetBeansProjects\LibEngine\target\classes;C:\Users\X M G\.m2\repository\com\google\protobuf\protobuf-java\3.11.4\protobuf-java-3.11.4.jar;C:\Users\X M G\.m2\repository\mysql\mysql-connector-java\8.0.24\mysql-connector-java-8.0.24.jar;C:\Users\X M G\.m2\repository\org\openjfx\javafx-base\13\javafx-base-13.jar;C:\Users\X M G\.m2\repository\org\openjfx\javafx-controls\13\javafx-controls-13.jar;C:\Users\X M G\.m2\repository\org\openjfx\javafx-fxml\13\javafx-fxml-13.jar;C:\Users\X M G\.m2\repository\org\openjfx\javafx-graphics\13\javafx-graphics-13.jar
Launcher Type: SUN_STANDARD

[Global flags]
     intx CICompilerCount                          = 3                                         {product} {ergonomic}
     uint ConcGCThreads                            = 1                                         {product} {ergonomic}
     uint G1ConcRefinementThreads                  = 4                                         {product} {ergonomic}
   size_t G1HeapRegionSize                         = 1048576                                   {product} {ergonomic}
    uintx GCDrainStackTargetSize                   = 64                                        {product} {ergonomic}
   size_t InitialHeapSize                          = 268435456                                 {product} {ergonomic}
   size_t MarkStackSize                            = 4194304                                   {product} {ergonomic}
   size_t MaxHeapSize                              = 4265607168                                {product} {ergonomic}
   size_t MinHeapDeltaBytes                        = 1048576                                   {product} {ergonomic}
   size_t MinHeapSize                              = 8388608                                   {product} {ergonomic}
    uintx NonNMethodCodeHeapSize                   = 5832780                                {pd product} {ergonomic}
    uintx NonProfiledCodeHeapSize                  = 122912730                              {pd product} {ergonomic}
    uintx ProfiledCodeHeapSize                     = 122912730                              {pd product} {ergonomic}
    uintx ReservedCodeCacheSize                    = 251658240                              {pd product} {ergonomic}
     bool SegmentedCodeCache                       = true                                      {product} {ergonomic}
   size_t SoftMaxHeapSize                          = 4265607168                             {manageable} {ergonomic}
     bool UseCompressedClassPointers               = true                                 {lp64_product} {ergonomic}
     bool UseCompressedOops                        = true                                 {lp64_product} {ergonomic}
     bool UseG1GC                                  = true                                      {product} {ergonomic}
     bool UseLargePagesIndividualAllocation        = false                                  {pd product} {ergonomic}

Logging:
Log output configuration:
 #0: stdout all=warning uptime,level,tags
 #1: stderr all=off uptime,level,tags

Environment Variables:
JAVA_HOME=D:\Programs Files\java\jdk
PATH=C:\Program Files (x86)\Common Files\Oracle\Java\javapath;C:\Program Files\Common Files\Oracle\Java\javapath;C:\Program Files (x86)\Common Files\Intel\Shared Libraries\redist\intel64\compiler;C:\Windows\system32;C:\Windows;C:\Windows\System32\Wbem;C:\Windows\System32\WindowsPowerShell\v1.0\;C:\Windows\System32\OpenSSH\;D:\Programs Files\Git\cmd;D:\Programs Files\QuickTime\QTSystem\;D:\Programs Files\Node\;C:\ProgramData\ComposerSetup\bin;C:\Program Files (x86)\NVIDIA Corporation\PhysX\Common;C:\Users\X M G\AppData\Local\Microsoft\WindowsApps;C:\Users\X M G\AppData\Roaming\npm;D:\Programs Files\Flutter\flutter_windows_v1.12.13+hotfix.9-stable\flutter\bin;D:\Programs Files\java\jdk\bin;D:\Programs Files\php_7.4.11;C:\Users\X M G\AppData\Roaming\Composer\vendor\bin;D:\Microsoft VS Code\Microsoft VS Code\bin;D:\Programs Files\Pycharm\PyCharm Community Edition 2020.2.1\bin;;D:\Programs Files\IntelliJ\IntelliJ IDEA Community Edition 2020.1\bin;;C:\Program Files\heroku\bin
USERNAME=X M G
OS=Windows_NT
PROCESSOR_IDENTIFIER=Intel64 Family 6 Model 158 Stepping 9, GenuineIntel



---------------  S Y S T E M  ---------------

OS: Windows 10 , 64 bit Build 19041 (10.0.19041.804)
OS uptime: 0 days 6:42 hours

CPU:total 4 (initial active 4) (4 cores per cpu, 1 threads per core) family 6 model 158 stepping 9, cmov, cx8, fxsr, mmx, sse, sse2, sse3, ssse3, sse4.1, sse4.2, popcnt, avx, avx2, aes, clmul, erms, 3dnowpref, lzcnt, tsc, tscinvbit, bmi1, bmi2, adx, fma

Memory: 4k page, system-wide physical 16270M (1941M free)
TotalPageFile size 31445M (AvailPageFile size 14M)
current process WorkingSet (physical memory assigned to process): 10M, peak: 10M
current process commit charge ("private bytes"): 52M, peak: 308M

vm_info: Java HotSpot(TM) 64-Bit Server VM (14.0.1+7) for windows-amd64 JRE (14.0.1+7), built on Mar  5 2020 10:30:14 by "mach5one" with MS VC++ 15.9 (VS2017)

END.
